Using pre-set license
Built from '2020.2/release' branch; Version is '2020.2.1f1 (270dd8c3da1c) revision 2559448'; Using compiler version '192528614'; Build Type 'Release'
OS: 'Windows 10  (10.0.0) 64bit' Language: 'en' Physical Memory: 16318 MB
BatchMode: 1, IsHumanControllingUs: 0, StartBugReporterOnCrash: 0, Is64bit: 1, IsPro: 0

 COMMAND LINE ARGUMENTS:
C:\Program Files\Unity\Hub\Editor\2020.2.1f1\Editor\Unity.exe
-adb2
-batchMode
-noUpm
-name
AssetImportWorker0
-projectPath
C:/Users/Robert Horton Jr/Documents/Projects/aa-Replica/aa-Replica
-logFile
Logs/AssetImportWorker0.log
-srvPort
50493
Successfully changed project path to: C:/Users/Robert Horton Jr/Documents/Projects/aa-Replica/aa-Replica
C:/Users/Robert Horton Jr/Documents/Projects/aa-Replica/aa-Replica
Using Asset Import Pipeline V2.
Refreshing native plugins compatible for Editor in 27.54 ms, found 1 plugins.
Preloading 0 native plugins for Editor in 0.00 ms.
Initialize engine version: 2020.2.1f1 (270dd8c3da1c)
[Subsystems] Discovering subsystems at path C:/Program Files/Unity/Hub/Editor/2020.2.1f1/Editor/Data/Resources/UnitySubsystems
[Subsystems] Discovering subsystems at path C:/Users/Robert Horton Jr/Documents/Projects/aa-Replica/aa-Replica/Assets
GfxDevice: creating device client; threaded=0
Direct3D:
    Version:  Direct3D 11.0 [level 11.1]
    Renderer: NVIDIA GeForce RTX 2070 SUPER (ID=0x1e84)
    Vendor:   
    VRAM:     8011 MB
    Driver:   27.21.14.5671
Initialize mono
Mono path[0] = 'C:/Program Files/Unity/Hub/Editor/2020.2.1f1/Editor/Data/Managed'
Mono path[1] = 'C:/Program Files/Unity/Hub/Editor/2020.2.1f1/Editor/Data/MonoBleedingEdge/lib/mono/unityjit'
Mono config path = 'C:/Program Files/Unity/Hub/Editor/2020.2.1f1/Editor/Data/MonoBleedingEdge/etc'
Using monoOptions --debugger-agent=transport=dt_socket,embedding=1,server=y,suspend=n,address=127.0.0.1:56260
Begin MonoManager ReloadAssembly
Registering precompiled unity dll's ...
Register platform support module: C:/Program Files/Unity/Hub/Editor/2020.2.1f1/Editor/Data/PlaybackEngines/WebGLSupport/UnityEditor.WebGL.Extensions.dll
Register platform support module: C:/Program Files/Unity/Hub/Editor/2020.2.1f1/Editor/Data/PlaybackEngines/MacStandaloneSupport/UnityEditor.OSXStandalone.Extensions.dll
Register platform support module: C:/Program Files/Unity/Hub/Editor/2020.2.1f1/Editor/Data/PlaybackEngines/WindowsStandaloneSupport/UnityEditor.WindowsStandalone.Extensions.dll
Register platform support module: C:/Program Files/Unity/Hub/Editor/2020.2.1f1/Editor/Data/PlaybackEngines/LuminSupport/UnityEditor.Lumin.Extensions.dll
Registered in 0.003209 seconds.
Native extension for Lumin target not found
Native extension for WindowsStandalone target not found
Native extension for OSXStandalone target not found
Native extension for WebGL target not found
Refreshing native plugins compatible for Editor in 26.40 ms, found 1 plugins.
Preloading 0 native plugins for Editor in 0.00 ms.
Invoked RoslynAnalysisRunner static constructor.
RoslynAnalysisRunner will not be running.
RoslynAnalysisRunner has terminated.
Mono: successfully reloaded assembly
- Completed reload, in  1.482 seconds
Platform modules already initialized, skipping
Registering precompiled user dll's ...
Registered in 0.000965 seconds.
Begin MonoManager ReloadAssembly
Native extension for Lumin target not found
Native extension for WindowsStandalone target not found
Native extension for OSXStandalone target not found
Native extension for WebGL target not found
Refreshing native plugins compatible for Editor in 26.82 ms, found 1 plugins.
Preloading 0 native plugins for Editor in 0.00 ms.
Invoked RoslynAnalysisRunner static constructor.
RoslynAnalysisRunner will not be running.
RoslynAnalysisRunner has terminated.
Mono: successfully reloaded assembly
- Completed reload, in  0.743 seconds
Platform modules already initialized, skipping
========================================================================
Worker process is ready to serve import requests
Launched and connected shader compiler UnityShaderCompiler.exe after 0.04 seconds
Refreshing native plugins compatible for Editor in 0.28 ms, found 1 plugins.
Preloading 0 native plugins for Editor in 0.00 ms.
Unloading 1792 Unused Serialized files (Serialized files now loaded: 0)
System memory in use before: 83.7 MB.
System memory in use after: 83.7 MB.

Unloading 24 unused Assets to reduce memory usage. Loaded Objects now: 2232.
Total: 1.698500 ms (FindLiveObjects: 0.137800 ms CreateObjectMapping: 0.051000 ms MarkObjects: 1.416900 ms  DeleteObjects: 0.092000 ms)

========================================================================
Received Import Request.
  path: Assets/Prefabs/Pin.prefab
  artifactKey: Guid(9c93936e3ec40434090c0720a972efe7) Importer(815301076,1909f56bfc062723c751e8b465ee728b)
Start importing Assets/Prefabs/Pin.prefab using Guid(9c93936e3ec40434090c0720a972efe7) Importer(815301076,1909f56bfc062723c751e8b465ee728b)  -> (artifact id: '5f2a925a45dc486d5a678c8b43dad239') in 0.082267 seconds
  Import took 0.084617 seconds .

========================================================================
Received Prepare
Registering precompiled user dll's ...
Registered in 0.000931 seconds.
Begin MonoManager ReloadAssembly
Native extension for Lumin target not found
Native extension for WindowsStandalone target not found
Native extension for OSXStandalone target not found
Native extension for WebGL target not found
Refreshing native plugins compatible for Editor in 0.29 ms, found 1 plugins.
Preloading 0 native plugins for Editor in 0.00 ms.
Invoked RoslynAnalysisRunner static constructor.
RoslynAnalysisRunner will not be running.
RoslynAnalysisRunner has terminated.
Mono: successfully reloaded assembly
- Completed reload, in  0.686 seconds
Platform modules already initialized, skipping
Refreshing native plugins compatible for Editor in 0.31 ms, found 1 plugins.
Preloading 0 native plugins for Editor in 0.00 ms.
Unloading 1787 Unused Serialized files (Serialized files now loaded: 0)
System memory in use before: 86.9 MB.
System memory in use after: 86.9 MB.

Unloading 14 unused Assets to reduce memory usage. Loaded Objects now: 2242.
Total: 1.514500 ms (FindLiveObjects: 0.141900 ms CreateObjectMapping: 0.045100 ms MarkObjects: 1.227200 ms  DeleteObjects: 0.099500 ms)

========================================================================
Received Import Request.
  Time since last request: 9.264407 seconds.
  path: Assets/Prefabs/Pin.prefab
  artifactKey: Guid(9c93936e3ec40434090c0720a972efe7) Importer(815301076,1909f56bfc062723c751e8b465ee728b)
Start importing Assets/Prefabs/Pin.prefab using Guid(9c93936e3ec40434090c0720a972efe7) Importer(815301076,1909f56bfc062723c751e8b465ee728b)  -> (artifact id: '668034dca8ad04831a326984212e0583') in 0.041205 seconds
  Import took 0.043637 seconds .

========================================================================
Received Prepare
Registering precompiled user dll's ...
Registered in 0.000926 seconds.
Begin MonoManager ReloadAssembly
Native extension for Lumin target not found
Native extension for WindowsStandalone target not found
Native extension for OSXStandalone target not found
Native extension for WebGL target not found
Refreshing native plugins compatible for Editor in 0.33 ms, found 1 plugins.
Preloading 0 native plugins for Editor in 0.00 ms.
Invoked RoslynAnalysisRunner static constructor.
RoslynAnalysisRunner will not be running.
RoslynAnalysisRunner has terminated.
Mono: successfully reloaded assembly
- Completed reload, in  0.684 seconds
Platform modules already initialized, skipping
Refreshing native plugins compatible for Editor in 0.30 ms, found 1 plugins.
Preloading 0 native plugins for Editor in 0.00 ms.
Unloading 1787 Unused Serialized files (Serialized files now loaded: 0)
System memory in use before: 87.0 MB.
System memory in use after: 87.0 MB.

Unloading 14 unused Assets to reduce memory usage. Loaded Objects now: 2246.
Total: 1.605200 ms (FindLiveObjects: 0.156900 ms CreateObjectMapping: 0.054400 ms MarkObjects: 1.289500 ms  DeleteObjects: 0.103600 ms)

========================================================================
Received Import Request.
  Time since last request: 32.918116 seconds.
  path: Assets/Prefabs/Pin.prefab
  artifactKey: Guid(9c93936e3ec40434090c0720a972efe7) Importer(815301076,1909f56bfc062723c751e8b465ee728b)
Start importing Assets/Prefabs/Pin.prefab using Guid(9c93936e3ec40434090c0720a972efe7) Importer(815301076,1909f56bfc062723c751e8b465ee728b)  -> (artifact id: '2d77487970623e834792f55ac3bbba14') in 0.042701 seconds
  Import took 0.045279 seconds .

========================================================================
Received Import Request.
  Time since last request: 340.260491 seconds.
  path: Assets/Prefabs/Rotator.controller
  artifactKey: Guid(84ec061a17a2ead42b937c7772f924c1) Importer(815301076,1909f56bfc062723c751e8b465ee728b)
Start importing Assets/Prefabs/Rotator.controller using Guid(84ec061a17a2ead42b937c7772f924c1) Importer(815301076,1909f56bfc062723c751e8b465ee728b)  -> (artifact id: 'aeda62c058e9f849631346dccf868005') in 0.004995 seconds
  Import took 0.007760 seconds .

========================================================================
Received Import Request.
  Time since last request: 1.995636 seconds.
  path: Assets/Prefabs/Rotator.anim
  artifactKey: Guid(7f49b304ccb9e2a4094cee8e480687fc) Importer(815301076,1909f56bfc062723c751e8b465ee728b)
Start importing Assets/Prefabs/Rotator.anim using Guid(7f49b304ccb9e2a4094cee8e480687fc) Importer(815301076,1909f56bfc062723c751e8b465ee728b)  -> (artifact id: 'f658664ac766cfbb041754acccb28823') in 0.003250 seconds
  Import took 0.005814 seconds .

========================================================================
Received Import Request.
  Time since last request: 0.003947 seconds.
  path: Assets/Prefabs/Rotator.anim
  artifactKey: Guid(7f49b304ccb9e2a4094cee8e480687fc) Importer(815301076,1909f56bfc062723c751e8b465ee728b)
Start importing Assets/Prefabs/Rotator.anim using Guid(7f49b304ccb9e2a4094cee8e480687fc) Importer(815301076,1909f56bfc062723c751e8b465ee728b)  -> (artifact id: 'f658664ac766cfbb041754acccb28823') in 0.003217 seconds
  Import took 0.005442 seconds .

AssetImportWorkerClient::OnTransportError - code=2 error=End of file
